0 info it worked if it ends with ok
1 verbose cli [ 'C:\\Program Files\\nodejs\\node.exe',
1 verbose cli   'C:\\Users\\Administrator\\AppData\\Roaming\\npm\\node_modules\\npm\\bin\\npm-cli.js',
1 verbose cli   'run',
1 verbose cli   'dev' ]
2 info using npm@4.0.2
3 info using node@v8.4.0
4 verbose run-script [ 'predev', 'dev', 'postdev' ]
5 info lifecycle wxweb@1.0.0~predev: wxweb@1.0.0
6 silly lifecycle wxweb@1.0.0~predev: no script for predev, continuing
7 info lifecycle wxweb@1.0.0~dev: wxweb@1.0.0
8 verbose lifecycle wxweb@1.0.0~dev: unsafe-perm in lifecycle true
9 verbose lifecycle wxweb@1.0.0~dev: PATH: C:\Users\Administrator\AppData\Roaming\npm\node_modules\npm\bin\node-gyp-bin;C:\Users\Administrator\Desktop\newProject\weixin\wxweb\node_modules\.bin;C:\Ruby23-x64\bin;C:\Windows\system32;C:\Windows;C:\Windows\System32\Wbem;C:\Windows\System32\WindowsPowerShell\v1.0\;C:\Program Files (x86)\NVIDIA Corporation\PhysX\Common;C:\Program Files (x86)\Microsoft SQL Server\100\Tools\Binn\;C:\Program Files\Microsoft SQL Server\100\Tools\Binn\;C:\Program Files\Microsoft SQL Server\100\DTS\Binn\;C:\Program Files (x86)\Microsoft SQL Server\110\DTS\Binn\;C:\Program Files (x86)\Microsoft SQL Server\110\Tools\Binn\;C:\Program Files (x86)\Microsoft SQL Server\110\Tools\Binn\ManagementStudio\;D:\VS2010 安装地址\Common7\IDE\PrivateAssemblies\;C:\;rogram Files (x86)\Windows Kits\8.1\Windows Performance Toolkit\;C:\Program Files\Microsoft SQL Server\110\Tools\Binn\;D:\MongoDB\bin;C:\WINDOWS\system32;C:\WINDOWS;C:\WINDOWS\System32\Wbem;C:\WINDOWS\System32\WindowsPowerShell\v1.0\;C:\Program Files\nodejs\;;C:\Users\Administrator\AppData\Local\Microsoft\WindowsApps;D:\Microsoft VS Code\bin;C:\Users\Administrator\AppData\Roaming\npm
10 verbose lifecycle wxweb@1.0.0~dev: CWD: C:\Users\Administrator\Desktop\newProject\weixin\wxweb
11 silly lifecycle wxweb@1.0.0~dev: Args: [ '/d /s /c',
11 silly lifecycle   'nodemon -w ./server -w ./start.js --exec node ./start.js' ]
12 verbose stack Error: kill ENOSYS
12 verbose stack     at Object._errnoException (util.js:1041:11)
12 verbose stack     at process.kill (internal/process.js:184:18)
12 verbose stack     at process.listener (C:\Users\Administrator\AppData\Roaming\npm\node_modules\npm\node_modules\npmlog\node_modules\gauge\node_modules\signal-exit\index.js:86:15)
12 verbose stack     at emitNone (events.js:110:20)
12 verbose stack     at process.emit (events.js:207:7)
12 verbose stack     at processEmit (C:\Users\Administrator\AppData\Roaming\npm\node_modules\npm\node_modules\npmlog\node_modules\gauge\node_modules\signal-exit\index.js:146:32)
12 verbose stack     at processEmit (C:\Users\Administrator\AppData\Roaming\npm\node_modules\npm\node_modules\npm-registry-client\node_modules\npmlog\node_modules\gauge\node_modules\signal-exit\index.js:146:32)
12 verbose stack     at Signal.wrap.onsignal (internal/process.js:209:44)
13 verbose cwd C:\Users\Administrator\Desktop\newProject\weixin\wxweb
14 error Windows_NT 10.0.15063
15 error argv "C:\\Program Files\\nodejs\\node.exe" "C:\\Users\\Administrator\\AppData\\Roaming\\npm\\node_modules\\npm\\bin\\npm-cli.js" "run" "dev"
16 error node v8.4.0
17 error npm  v4.0.2
18 error code ENOSYS
19 error errno ENOSYS
20 error syscall kill
21 error kill ENOSYS
22 error If you need help, you may report this error at:
22 error     <https://github.com/npm/npm/issues>
23 verbose exit [ 1, true ]
